[2025-12-06 00:25:05,518][__main__][INFO] - All artifacts will be saved to: C:\Projects\ViT\vision-transformer-from-scratch\outputs\2025-12-06\00-25-02
[2025-12-06 00:25:05,518][__main__][INFO] - MLflow Run ID: bec03ba0f4204272a0af7c8d6c41684f
[2025-12-06 00:25:05,661][__main__][INFO] - --- Configuration ---
[2025-12-06 00:25:05,662][__main__][INFO] - 
model:
  in_channels: 3
  image_size: 224
  patch_size: 16
  number_of_encoder: 6
  embedding_dims: 256
  d_ff_scale_factor: 4
  heads: 8
  input_dropout_rate: 0.1
  attention_dropout_rate: 0.1
  feed_forward_dropout_rate: 0.1
  number_of_classes: 4
train:
  batch_size: 32
  epochs: 2
  train_dataset_path: dataset_path/tom_and_jerry/subset/train
  test_dataset_path: dataset_path/tom_and_jerry/subset/test
optimizer:
  lr: 0.0003
  weight_decay: 0.1
  beta1: 0.9
  beta2: 0.999

[2025-12-06 00:25:05,663][__main__][INFO] - ---------------------
[2025-12-06 00:25:05,663][__main__][INFO] - Dataset Creation Begin
[2025-12-06 00:25:05,667][__main__][INFO] - Dataset Created
[2025-12-06 00:25:05,667][__main__][INFO] - Dataset Classes: {'jerry': 0, 'tom': 1, 'tom_jerry_0': 2, 'tom_jerry_1': 3}
[2025-12-06 00:25:05,677][__main__][INFO] - Mapping saved at: C:\Projects\ViT\vision-transformer-from-scratch\outputs\2025-12-06\00-25-02\class_mapping.json
[2025-12-06 00:25:05,727][__main__][INFO] - Model Creation Begin
[2025-12-06 00:25:05,845][__main__][INFO] - Model Creation Completed.
[2025-12-06 00:25:05,846][__main__][INFO] - --- Model Summary ---
[2025-12-06 00:25:06,061][__main__][INFO] - --------------------
[2025-12-06 00:25:06,109][__main__][INFO] - MODEL TRAINING BEGINS...
[2025-12-06 00:25:27,734][__main__][INFO] - Epoch 1 | train_loss: 1.5288 | train_accuracy: 0.2474 | val_loss: 1.1790 | val_accuracy: 0.5312 | LR: 0.000210
[2025-12-06 00:25:51,513][__main__][INFO] - Epoch 2 | train_loss: 1.4574 | train_accuracy: 0.2578 | val_loss: 1.4349 | val_accuracy: 0.1875 | LR: 0.000000
[2025-12-06 00:25:51,513][__main__][INFO] - Storing training artifacts details
[2025-12-06 00:25:51,516][__main__][INFO] - Working on Training Plots...
[2025-12-06 00:25:51,966][__main__][INFO] - Saved training plot to C:\Projects\ViT\vision-transformer-from-scratch\outputs\2025-12-06\00-25-02\training_curves.png
